{
  "stats": {
    "suites": 1,
    "tests": 1,
    "passes": 0,
    "pending": 0,
    "failures": 1,
    "start": "2024-10-16T13:09:13.910Z",
    "end": "2024-10-16T13:09:24.508Z",
    "duration": 10598,
    "testsRegistered": 1,
    "passPercent": 0,
    "pendingPercent": 0,
    "other": 0,
    "hasOther": false,
    "skipped": 0,
    "hasSkipped": false
  },
  "results": [
    {
      "uuid": "d9b9fb36-20eb-42d2-bf2f-40517f642fbe",
      "title": "",
      "fullFile": "cypress\\e2e\\uiTest.cy.js",
      "file": "cypress\\e2e\\uiTest.cy.js",
      "beforeHooks": [],
      "afterHooks": [],
      "tests": [],
      "suites": [
        {
          "uuid": "a16a6cf5-8f1a-481d-b410-0c100fd963eb",
          "title": "UI Test for Homepage",
          "fullFile": "",
          "file": "",
          "beforeHooks": [],
          "afterHooks": [],
          "tests": [
            {
              "title": "Should display the search bar, navigation menu, and footer",
              "fullTitle": "UI Test for Homepage Should display the search bar, navigation menu, and footer",
              "timedOut": null,
              "duration": 6822,
              "state": "failed",
              "speed": null,
              "pass": false,
              "fail": true,
              "pending": false,
              "context": null,
              "code": "cy.visit('https://www.inmotionhosting.com/');\n// Check if the search bar is visible\ncy.get('.search-field').should('be.visible');\n// Check if the navigation menu is visible\ncy.get('.main-navigation').should('be.visible');\n// Check if the footer is visible\ncy.get('.footer').should('be.visible');",
              "err": {
                "message": "AssertionError: Timed out retrying after 4000ms: Expected to find element: `.search-field`, but never found it.",
                "estack": "AssertionError: Timed out retrying after 4000ms: Expected to find element: `.search-field`, but never found it.\n    at Context.eval (webpack://my-cypress-tests/./cypress/e2e/uiTest.cy.js:6:28)",
                "diff": null
              },
              "uuid": "41dac052-724d-4fa5-94f2-42b05dc260c5",
              "parentUUID": "a16a6cf5-8f1a-481d-b410-0c100fd963eb",
              "isHook": false,
              "skipped": false
            }
          ],
          "suites": [],
          "passes": [],
          "failures": [
            "41dac052-724d-4fa5-94f2-42b05dc260c5"
          ],
          "pending": [],
          "skipped": [],
          "duration": 6822,
          "root": false,
          "rootEmpty": false,
          "_timeout": 2000
        }
      ],
      "passes": [],
      "failures": [],
      "pending": [],
      "skipped": [],
      "duration": 0,
      "root": true,
      "rootEmpty": true,
      "_timeout": 2000
    }
  ],
  "meta": {
    "mocha": {
      "version": "7.0.1"
    },
    "mochawesome": {
      "options": {
        "quiet": false,
        "reportFilename": "mochawesome",
        "saveHtml": true,
        "saveJson": true,
        "consoleReporter": "spec",
        "useInlineDiffs": false,
        "code": true
      },
      "version": "7.1.3"
    },
    "marge": {
      "options": {
        "reportDir": "cypress/reports",
        "overwrite": false,
        "html": true,
        "json": true
      },
      "version": "6.2.0"
    }
  }
}