{
  "stats": {
    "suites": 1,
    "tests": 1,
    "passes": 0,
    "pending": 0,
    "failures": 1,
    "start": "2024-10-16T13:07:56.106Z",
    "end": "2024-10-16T13:08:21.126Z",
    "duration": 25020,
    "testsRegistered": 1,
    "passPercent": 0,
    "pendingPercent": 0,
    "other": 0,
    "hasOther": false,
    "skipped": 0,
    "hasSkipped": false
  },
  "results": [
    {
      "uuid": "73fce340-6549-4dc9-a482-1aac40e31e67",
      "title": "",
      "fullFile": "cypress\\e2e\\functionalTest.cy.js",
      "file": "cypress\\e2e\\functionalTest.cy.js",
      "beforeHooks": [],
      "afterHooks": [],
      "tests": [],
      "suites": [
        {
          "uuid": "fe96bc73-c1fc-46c4-8d08-126bbdc529e6",
          "title": "E-Commerce Functional Test",
          "fullFile": "",
          "file": "",
          "beforeHooks": [],
          "afterHooks": [],
          "tests": [
            {
              "title": "Searches for a product, adds it to the cart, and proceeds to checkout",
              "fullTitle": "E-Commerce Functional Test Searches for a product, adds it to the cart, and proceeds to checkout",
              "timedOut": null,
              "duration": 19299,
              "state": "failed",
              "speed": null,
              "pass": false,
              "fail": true,
              "pending": false,
              "context": null,
              "code": "cy.visit('https://www.inmotionhosting.com/');\n// Example search action\ncy.get('.search-field').type('hosting{enter}'); // Search for 'hosting'\n// Click the first product\ncy.contains('Shared Hosting').click();\n// Add to cart (Assuming there's an 'Add to Cart' button)\ncy.contains('Add to Cart').click();\n// Verify product is added to the cart\ncy.get('.cart-count').should('contain', '1');\n// Proceed to checkout\ncy.contains('Checkout').click();\n// Verify checkout page\ncy.url().should('include', '/checkout');",
              "err": {
                "message": "AssertionError: Timed out retrying after 4000ms: Expected to find element: `.search-field`, but never found it.",
                "estack": "AssertionError: Timed out retrying after 4000ms: Expected to find element: `.search-field`, but never found it.\n    at Context.eval (webpack://my-cypress-tests/./cypress/e2e/functionalTest.cy.js:6:7)",
                "diff": null
              },
              "uuid": "9ea35451-238e-438c-8fe6-00567dffdc26",
              "parentUUID": "fe96bc73-c1fc-46c4-8d08-126bbdc529e6",
              "isHook": false,
              "skipped": false
            }
          ],
          "suites": [],
          "passes": [],
          "failures": [
            "9ea35451-238e-438c-8fe6-00567dffdc26"
          ],
          "pending": [],
          "skipped": [],
          "duration": 19299,
          "root": false,
          "rootEmpty": false,
          "_timeout": 2000
        }
      ],
      "passes": [],
      "failures": [],
      "pending": [],
      "skipped": [],
      "duration": 0,
      "root": true,
      "rootEmpty": true,
      "_timeout": 2000
    }
  ],
  "meta": {
    "mocha": {
      "version": "7.0.1"
    },
    "mochawesome": {
      "options": {
        "quiet": false,
        "reportFilename": "mochawesome",
        "saveHtml": true,
        "saveJson": true,
        "consoleReporter": "spec",
        "useInlineDiffs": false,
        "code": true
      },
      "version": "7.1.3"
    },
    "marge": {
      "options": {
        "reportDir": "cypress/reports",
        "overwrite": false,
        "html": true,
        "json": true
      },
      "version": "6.2.0"
    }
  }
}