{
  "stats": {
    "suites": 1,
    "tests": 1,
    "passes": 0,
    "pending": 0,
    "failures": 1,
    "start": "2024-10-16T13:08:51.611Z",
    "end": "2024-10-16T13:09:07.837Z",
    "duration": 16226,
    "testsRegistered": 1,
    "passPercent": 0,
    "pendingPercent": 0,
    "other": 0,
    "hasOther": false,
    "skipped": 0,
    "hasSkipped": false
  },
  "results": [
    {
      "uuid": "8039bc9a-eef0-40df-87be-fd5db18a5b72",
      "title": "",
      "fullFile": "cypress\\e2e\\spec.cy.js",
      "file": "cypress\\e2e\\spec.cy.js",
      "beforeHooks": [],
      "afterHooks": [],
      "tests": [],
      "suites": [
        {
          "uuid": "00faa4fe-bf7b-496d-b017-9c5a2697c10d",
          "title": "E-commerce Product Search",
          "fullFile": "",
          "file": "",
          "beforeHooks": [],
          "afterHooks": [],
          "tests": [
            {
              "title": "Searches for a product and adds it to the cart",
              "fullTitle": "E-commerce Product Search Searches for a product and adds it to the cart",
              "timedOut": null,
              "duration": 10352,
              "state": "failed",
              "speed": null,
              "pass": false,
              "fail": true,
              "pending": false,
              "context": null,
              "code": "cy.visit('https://www.inmotionhosting.com/');\ncy.get('input[placeholder=\"Search\"]').type('Hosting Plan{enter}');\ncy.contains('Add to Cart').click();\ncy.get('.cart').should('contain', 'Hosting Plan');",
              "err": {
                "message": "AssertionError: Timed out retrying after 4000ms: Expected to find element: `input[placeholder=\"Search\"]`, but never found it.",
                "estack": "AssertionError: Timed out retrying after 4000ms: Expected to find element: `input[placeholder=\"Search\"]`, but never found it.\n    at Context.eval (webpack://my-cypress-tests/./cypress/e2e/spec.cy.js:4:9)",
                "diff": null
              },
              "uuid": "b24f1c0f-c0e2-4661-a882-63cc8fbaeed4",
              "parentUUID": "00faa4fe-bf7b-496d-b017-9c5a2697c10d",
              "isHook": false,
              "skipped": false
            }
          ],
          "suites": [],
          "passes": [],
          "failures": [
            "b24f1c0f-c0e2-4661-a882-63cc8fbaeed4"
          ],
          "pending": [],
          "skipped": [],
          "duration": 10352,
          "root": false,
          "rootEmpty": false,
          "_timeout": 2000
        }
      ],
      "passes": [],
      "failures": [],
      "pending": [],
      "skipped": [],
      "duration": 0,
      "root": true,
      "rootEmpty": true,
      "_timeout": 2000
    }
  ],
  "meta": {
    "mocha": {
      "version": "7.0.1"
    },
    "mochawesome": {
      "options": {
        "quiet": false,
        "reportFilename": "mochawesome",
        "saveHtml": true,
        "saveJson": true,
        "consoleReporter": "spec",
        "useInlineDiffs": false,
        "code": true
      },
      "version": "7.1.3"
    },
    "marge": {
      "options": {
        "reportDir": "cypress/reports",
        "overwrite": false,
        "html": true,
        "json": true
      },
      "version": "6.2.0"
    }
  }
}